0 info it worked if it ends with ok
1 verbose cli [ 'C:\\Program Files\\nodejs\\node.exe',
1 verbose cli   'C:\\Program Files\\nodejs\\node_modules\\npm\\bin\\npm-cli.js',
1 verbose cli   'start' ]
2 info using npm@3.10.8
3 info using node@v6.9.1
4 verbose run-script [ 'prestart', 'start', 'poststart' ]
5 info lifecycle pdfviewerserver@0.0.0~prestart: pdfviewerserver@0.0.0
6 silly lifecycle pdfviewerserver@0.0.0~prestart: no script for prestart, continuing
7 info lifecycle pdfviewerserver@0.0.0~start: pdfviewerserver@0.0.0
8 verbose lifecycle pdfviewerserver@0.0.0~start: unsafe-perm in lifecycle true
9 verbose lifecycle pdfviewerserver@0.0.0~start: PATH: C:\Program Files\nodejs\node_modules\npm\bin\node-gyp-bin;E:\Tempfile\Javascript\nodejs\PDFViewerServer\node_modules\.bin;C:\Python27\Lib\site-packages\PyQt4;C:\ProgramData\Oracle\Java\javapath;C:\Windows\system32;C:\Windows;C:\Windows\System32\Wbem;C:\Windows\System32\WindowsPowerShell\v1.0\;C:\Program Files (x86)\NVIDIA Corporation\PhysX\Common;C:\Program Files\Microsoft SQL Server\130\Tools\Binn\;C:\Program Files (x86)\Windows Kits\10\Windows Performance Toolkit\;C:\MinGW\bin;C:\MinGW\msys\1.0\bin;C:\Program Files\MySQL\MySQL Server 5.7\bin;C:\Program Files\Git\cmd;C:\Program Files\Git\mingw64\bin;C:\Program Files\Git\usr\bin;C:\Program Files (x86)\GtkSharp\2.12\bin;E:\OpenSSH-Win64;C:\Program Files\Microsoft\Web Platform Installer\;C:\Program Files\dotnet\;C:\Program Files\nodejs\;C:\Python27;C:\Python27\DLLs;C:\Python27\Scripts;C:\Python27\gnuplot\binary;C:\Program Files (x86)\pythonxy\SciTE-3.5.1-4;C:\Program Files (x86)\pythonxy\console;C:\Program Files\Microsoft SQL Server\Client SDK\ODBC\130\Tools\Binn\;C:\Program Files (x86)\Microsoft SQL Server\130\Tools\Binn\;C:\Program Files\Microsoft SQL Server\130\DTS\Binn\;C:\Users\stardust\AppData\Local\Microsoft\WindowsApps;C:\Users\stardust\AppData\Roaming\npm
10 verbose lifecycle pdfviewerserver@0.0.0~start: CWD: E:\Tempfile\Javascript\nodejs\PDFViewerServer
11 silly lifecycle pdfviewerserver@0.0.0~start: Args: [ '/d /s /c', 'node ./bin/www' ]
12 silly lifecycle pdfviewerserver@0.0.0~start: Returned: code: 1  signal: null
13 info lifecycle pdfviewerserver@0.0.0~start: Failed to exec start script
14 verbose stack Error: pdfviewerserver@0.0.0 start: `node ./bin/www`
14 verbose stack Exit status 1
14 verbose stack     at EventEmitter.<anonymous> (C:\Program Files\nodejs\node_modules\npm\lib\utils\lifecycle.js:255:16)
14 verbose stack     at emitTwo (events.js:106:13)
14 verbose stack     at EventEmitter.emit (events.js:191:7)
14 verbose stack     at ChildProcess.<anonymous> (C:\Program Files\nodejs\node_modules\npm\lib\utils\spawn.js:40:14)
14 verbose stack     at emitTwo (events.js:106:13)
14 verbose stack     at ChildProcess.emit (events.js:191:7)
14 verbose stack     at maybeClose (internal/child_process.js:877:16)
14 verbose stack     at Process.ChildProcess._handle.onexit (internal/child_process.js:226:5)
15 verbose pkgid pdfviewerserver@0.0.0
16 verbose cwd E:\Tempfile\Javascript\nodejs\PDFViewerServer
17 error Windows_NT 10.0.14393
18 error argv "C:\\Program Files\\nodejs\\node.exe" "C:\\Program Files\\nodejs\\node_modules\\npm\\bin\\npm-cli.js" "start"
19 error node v6.9.1
20 error npm  v3.10.8
21 error code ELIFECYCLE
22 error pdfviewerserver@0.0.0 start: `node ./bin/www`
22 error Exit status 1
23 error Failed at the pdfviewerserver@0.0.0 start script 'node ./bin/www'.
23 error Make sure you have the latest version of node.js and npm installed.
23 error If you do, this is most likely a problem with the pdfviewerserver package,
23 error not with npm itself.
23 error Tell the author that this fails on your system:
23 error     node ./bin/www
23 error You can get information on how to open an issue for this project with:
23 error     npm bugs pdfviewerserver
23 error Or if that isn't available, you can get their info via:
23 error     npm owner ls pdfviewerserver
23 error There is likely additional logging output above.
24 verbose exit [ 1, true ]
